[INFO] Scanning for projects...
[INFO] 
[INFO] -----------------------< com.staport:atelier360 >-----------------------
[INFO] Building atelier360 0.0.1-SNAPSHOT
[INFO]   from pom.xml
[INFO] --------------------------------[ jar ]---------------------------------
[INFO] 
[INFO] >>> spring-boot:3.3.0:run (default-cli) > test-compile @ atelier360 >>>
[INFO] 
[INFO] --- resources:3.3.1:resources (default-resources) @ atelier360 ---
[INFO] Copying 1 resource from src\main\resources to target\classes
[INFO] Copying 1 resource from src\main\resources to target\classes
[INFO] 
[INFO] --- compiler:3.13.0:compile (default-compile) @ atelier360 ---
[INFO] Nothing to compile - all classes are up to date.
[INFO] 
[INFO] --- resources:3.3.1:testResources (default-testResources) @ atelier360 ---
[INFO] skip non existing resourceDirectory C:\Users\Khawla\Desktop\AtelierV\Atelier360\backend\src\test\resources
[INFO] 
[INFO] --- compiler:3.13.0:testCompile (default-testCompile) @ atelier360 ---
[INFO] Nothing to compile - all classes are up to date.
[INFO] 
[INFO] <<< spring-boot:3.3.0:run (default-cli) < test-compile @ atelier360 <<<
[INFO] 
[INFO] 
[INFO] --- spring-boot:3.3.0:run (default-cli) @ atelier360 ---
[INFO] Attaching agents: []
  .   ____          _            __ _ _
 /\\ / ___'_ __ _ _(_)_ __  __ _ \ \ \ \
( ( )\___ | '_ | '_| | '_ \/ _` | \ \ \ \
 \\/  ___)| |_)| | | | | || (_| |  ) ) ) )
  '  |____| .__|_| |_|_| |_\__, | / / / /
 =========|_|==============|___/=/_/_/_/

 :: Spring Boot ::                (v3.3.0)

2026-04-03T11:56:14.524+01:00  INFO 36612 --- [  restartedMain] c.s.atelier360.Atelier360Application     : Starting Atelier360Application using Java 21.0.9 with PID 36612 (C:\Users\Khawla\Desktop\AtelierV\Atelier360\backend\target\classes started by Khawla in C:\Users\Khawla\Desktop\AtelierV\Atelier360\backend)
2026-04-03T11:56:14.529+01:00  INFO 36612 --- [  restartedMain] c.s.atelier360.Atelier360Application     : No active profile set, falling back to 1 default profile: "default"
2026-04-03T11:56:14.569+01:00  INFO 36612 --- [  restartedMain] .e.DevToolsPropertyDefaultsPostProcessor : Devtools property defaults active! Set 'spring.devtools.add-properties' to 'false' to disable
2026-04-03T11:56:14.569+01:00  INFO 36612 --- [  restartedMain] .e.DevToolsPropertyDefaultsPostProcessor : For additional web related logging consider setting the 'logging.level.web' property to 'DEBUG'
2026-04-03T11:56:15.117+01:00  INFO 36612 --- [  restartedMain] .s.d.r.c.RepositoryConfigurationDelegate : Bootstrapping Spring Data JPA repositories in DEFAULT mode.
2026-04-03T11:56:15.206+01:00  INFO 36612 --- [  restartedMain] .s.d.r.c.RepositoryConfigurationDelegate : Finished Spring Data repository scanning in 85 ms. Found 10 JPA repository interfaces.
2026-04-03T11:56:15.722+01:00  INFO 36612 --- [  restartedMain] o.s.b.w.embedded.tomcat.TomcatWebServer  : Tomcat initialized with port 8081 (http)
2026-04-03T11:56:15.732+01:00  INFO 36612 --- [  restartedMain] o.apache.catalina.core.StandardService   : Starting service [Tomcat]
2026-04-03T11:56:15.732+01:00  INFO 36612 --- [  restartedMain] o.apache.catalina.core.StandardEngine    : Starting Servlet engine: [Apache Tomcat/10.1.24]
2026-04-03T11:56:15.765+01:00  INFO 36612 --- [  restartedMain] o.a.c.c.C.[Tomcat].[localhost].[/]       : Initializing Spring embedded WebApplicationContext
2026-04-03T11:56:15.765+01:00  INFO 36612 --- [  restartedMain] w.s.c.ServletWebServerApplicationContext : Root WebApplicationContext: initialization completed in 1195 ms
2026-04-03T11:56:15.868+01:00  INFO 36612 --- [  restartedMain] o.hibernate.jpa.internal.util.LogHelper  : HHH000204: Processing PersistenceUnitInfo [name: default]
2026-04-03T11:56:15.897+01:00  INFO 36612 --- [  restartedMain] org.hibernate.Version                    : HHH000412: Hibernate ORM core version 6.5.2.Final
2026-04-03T11:56:15.915+01:00  INFO 36612 --- [  restartedMain] o.h.c.internal.RegionFactoryInitiator    : HHH000026: Second-level cache disabled
2026-04-03T11:56:16.084+01:00  INFO 36612 --- [  restartedMain] o.s.o.j.p.SpringPersistenceUnitInfo      : No LoadTimeWeaver setup: ignoring JPA class transformer
2026-04-03T11:56:16.102+01:00  INFO 36612 --- [  restartedMain] com.zaxxer.hikari.HikariDataSource       : HikariPool-1 - Starting...
2026-04-03T11:56:16.224+01:00  INFO 36612 --- [  restartedMain] com.zaxxer.hikari.pool.HikariPool        : HikariPool-1 - Added connection com.mysql.cj.jdbc.ConnectionImpl@54cdc24c
2026-04-03T11:56:16.227+01:00  INFO 36612 --- [  restartedMain] com.zaxxer.hikari.HikariDataSource       : HikariPool-1 - Start completed.
2026-04-03T11:56:16.264+01:00  WARN 36612 --- [  restartedMain] org.hibernate.dialect.Dialect            : HHH000511: The 5.5.5 version for [org.hibernate.dialect.MySQLDialect] is no longer supported, hence certain features may not work properly. The minimum supported version is 8.0.0. Check the community dialects project for available legacy versions.
2026-04-03T11:56:16.266+01:00  WARN 36612 --- [  restartedMain] org.hibernate.orm.deprecation            : HHH90000025: MySQLDialect does not need to be specified explicitly using 'hibernate.dialect' (remove the property setting and it will be selected by default)
2026-04-03T11:56:16.998+01:00  INFO 36612 --- [  restartedMain] o.h.e.t.j.p.i.JtaPlatformInitiator       : HHH000489: No JTA platform available (set 'hibernate.transaction.jta.platform' to enable JTA platform integration)
Hibernate: 
    alter table anomalies 
       modify column description TEXT
Hibernate: 
    alter table consommations_carburant 
       modify column observations TEXT
Hibernate: 
    alter table interventions 
       modify column observations TEXT
2026-04-03T11:56:17.179+01:00  INFO 36612 --- [  restartedMain] j.LocalContainerEntityManagerFactoryBean : Initialized JPA EntityManagerFactory for persistence unit 'default'
2026-04-03T11:56:17.545+01:00  WARN 36612 --- [  restartedMain] JpaBaseConfiguration$JpaWebConfiguration : spring.jpa.open-in-view is enabled by default. Therefore, database queries may be performed during view rendering. Explicitly configure spring.jpa.open-in-view to disable this warning
2026-04-03T11:56:17.557+01:00  WARN 36612 --- [  restartedMain] .s.s.UserDetailsServiceAutoConfiguration : 

Using generated security password: 33cb225b-db0f-4e67-8f15-feb1283d26f2

This generated password is for development use only. Your security configuration must be updated before running your application in production.

2026-04-03T11:56:17.574+01:00  INFO 36612 --- [  restartedMain] r$InitializeUserDetailsManagerConfigurer : Global AuthenticationManager configured with UserDetailsService bean with name inMemoryUserDetailsManager
2026-04-03T11:56:17.805+01:00  INFO 36612 --- [  restartedMain] o.s.s.web.DefaultSecurityFilterChain     : Will secure any request with [org.springframework.security.web.session.DisableEncodeUrlFilter@765e0559, org.springframework.security.web.context.request.async.WebAsyncManagerIntegrationFilter@7b3e21be, org.springframework.security.web.context.SecurityContextHolderFilter@71c1ecb2, org.springframework.security.web.header.HeaderWriterFilter@5e84c75b, org.springframework.web.filter.CorsFilter@32386082, org.springframework.security.web.authentication.logout.LogoutFilter@690885cb, org.springframework.security.web.savedrequest.RequestCacheAwareFilter@93b687b, org.springframework.security.web.servletapi.SecurityContextHolderAwareRequestFilter@3b361d23, org.springframework.security.web.authentication.AnonymousAuthenticationFilter@5cad9dcd, org.springframework.security.web.access.ExceptionTranslationFilter@3ba18814, org.springframework.security.web.access.intercept.AuthorizationFilter@3d961f6b]
2026-04-03T11:56:19.456+01:00  WARN 36612 --- [  restartedMain] o.s.b.d.a.OptionalLiveReloadServer       : Unable to start LiveReload server
2026-04-03T11:56:19.471+01:00  WARN 36612 --- [  restartedMain] ConfigServletWebServerApplicationContext : Exception encountered during context initialization - cancelling refresh attempt: org.springframework.context.ApplicationContextException: Failed to start bean 'webServerStartStop'
2026-04-03T11:56:19.472+01:00  INFO 36612 --- [  restartedMain] j.LocalContainerEntityManagerFactoryBean : Closing JPA EntityManagerFactory for persistence unit 'default'
2026-04-03T11:56:19.474+01:00  INFO 36612 --- [  restartedMain] com.zaxxer.hikari.HikariDataSource       : HikariPool-1 - Shutdown initiated...
2026-04-03T11:56:19.481+01:00  INFO 36612 --- [  restartedMain] com.zaxxer.hikari.HikariDataSource       : HikariPool-1 - Shutdown completed.
2026-04-03T11:56:19.488+01:00  INFO 36612 --- [  restartedMain] .s.b.a.l.ConditionEvaluationReportLogger : 

Error starting ApplicationContext. To display the condition evaluation report re-run your application with 'debug' enabled.
2026-04-03T11:56:19.502+01:00 ERROR 36612 --- [  restartedMain] o.s.b.d.LoggingFailureAnalysisReporter   : 

***************************
APPLICATION FAILED TO START
***************************

Description:

Web server failed to start. Port 8081 was already in use.

Action:

Identify and stop the process that's listening on port 8081 or configure this application to listen on another port.

[INFO] ------------------------------------------------------------------------
[INFO] BUILD SUCCESS
[INFO] ------------------------------------------------------------------------
[INFO] Total time:  7.033 s
[INFO] Finished at: 2026-04-03T11:56:19+01:00
[INFO] ------------------------------------------------------------------------
